\BOOKMARK [0][-]{chapter*.2}{Class Hierarchy}{}% 1
\BOOKMARK [0][-]{chapter.1}{Package is.mpg.ruglan.data}{}% 2
\BOOKMARK [1][-]{section.1.1}{Class CalEvent}{chapter.1}% 3
\BOOKMARK [2][-]{subsection.1.1.1}{Declaration}{section.1.1}% 4
\BOOKMARK [2][-]{subsection.1.1.2}{Constructor summary}{section.1.1}% 5
\BOOKMARK [2][-]{subsection.1.1.3}{Method summary}{section.1.1}% 6
\BOOKMARK [2][-]{subsection.1.1.4}{Constructors}{section.1.1}% 7
\BOOKMARK [2][-]{subsection.1.1.5}{Methods}{section.1.1}% 8
\BOOKMARK [1][-]{section.1.2}{Class Dabbi}{chapter.1}% 9
\BOOKMARK [2][-]{subsection.1.2.1}{Declaration}{section.1.2}% 10
\BOOKMARK [2][-]{subsection.1.2.2}{Field summary}{section.1.2}% 11
\BOOKMARK [2][-]{subsection.1.2.3}{Constructor summary}{section.1.2}% 12
\BOOKMARK [2][-]{subsection.1.2.4}{Method summary}{section.1.2}% 13
\BOOKMARK [2][-]{subsection.1.2.5}{Fields}{section.1.2}% 14
\BOOKMARK [2][-]{subsection.1.2.6}{Constructors}{section.1.2}% 15
\BOOKMARK [2][-]{subsection.1.2.7}{Methods}{section.1.2}% 16
\BOOKMARK [1][-]{section.1.3}{Class iCalParser}{chapter.1}% 17
\BOOKMARK [2][-]{subsection.1.3.1}{Declaration}{section.1.3}% 18
\BOOKMARK [2][-]{subsection.1.3.2}{Constructor summary}{section.1.3}% 19
\BOOKMARK [2][-]{subsection.1.3.3}{Method summary}{section.1.3}% 20
\BOOKMARK [2][-]{subsection.1.3.4}{Constructors}{section.1.3}% 21
\BOOKMARK [2][-]{subsection.1.3.5}{Methods}{section.1.3}% 22
\BOOKMARK [1][-]{section.1.4}{Class rDataBase}{chapter.1}% 23
\BOOKMARK [2][-]{subsection.1.4.1}{Declaration}{section.1.4}% 24
\BOOKMARK [2][-]{subsection.1.4.2}{Field summary}{section.1.4}% 25
\BOOKMARK [2][-]{subsection.1.4.3}{Constructor summary}{section.1.4}% 26
\BOOKMARK [2][-]{subsection.1.4.4}{Method summary}{section.1.4}% 27
\BOOKMARK [2][-]{subsection.1.4.5}{Fields}{section.1.4}% 28
\BOOKMARK [2][-]{subsection.1.4.6}{Constructors}{section.1.4}% 29
\BOOKMARK [2][-]{subsection.1.4.7}{Methods}{section.1.4}% 30
